<?xml version="1.0" encoding="UTF-8"?>
<!-- Generated by org.testng.reporters.JUnitXMLReporter -->
<testsuite ignored="0" hostname="LAPTOP-MBB97ED5" failures="1" tests="4" name="Test" time="21.218" errors="0" timestamp="2023-04-22T11:42:12 EDT">
  <testcase classname="com.automationcode_ExtentReport_16thApril_2023.TNLoginTEST" name="clickonMyAccount" time="0.067"/>
  <testcase classname="com.automationcode_ExtentReport_16thApril_2023.TNLoginTEST" name="clickonLogin" time="0.449"/>
  <testcase classname="com.automationcode_ExtentReport_16thApril_2023.TNLoginTEST" name="enterLoginCredentials" time="0.618">
    <failure type="java.lang.AssertionError" message="null">
      <![CDATA[java.lang.AssertionError: null
at com.automationcode_ExtentReport_16thApril_2023.TNLoginTEST.enterLoginCredentials(TNLoginTEST.java:43)
at java.base/java.util.ArrayList.forEach(ArrayList.java:1511)
... Removed 29 stack frames]]>
    </failure>
  </testcase> <!-- enterLoginCredentials -->
  <testcase classname="com.automationcode_ExtentReport_16thApril_2023.TNLoginTEST" name="clickOnLoginButton" time="0.0">
    <skipped/>
  </testcase> <!-- clickOnLoginButton -->
</testsuite> <!-- Test -->
