<?xml version="1.0" encoding="UTF-8"?>
<testng-results ignored="0" total="4" passed="2" failed="1" skipped="1">
  <reporter-output>
  </reporter-output>
  <suite started-at="2023-04-22T11:41:50 EDT" name="Suite" finished-at="2023-04-22T11:42:12 EDT" duration-ms="21218">
    <groups>
    </groups>
    <test started-at="2023-04-22T11:41:50 EDT" name="Test" finished-at="2023-04-22T11:42:12 EDT" duration-ms="21218">
      <class name="com.automationcode_ExtentReport_16thApril_2023.TNLoginTEST">
        <test-method is-config="true" signature="openUrl()[pri:0, instance:com.automationcode_ExtentReport_16thApril_2023.TNLoginTEST@f78a47e]" started-at="2023-04-22T11:41:51 EDT" name="openUrl" finished-at="2023-04-22T11:41:58 EDT" duration-ms="7587" status="PASS">
          <reporter-output>
          </reporter-output>
        </test-method> <!-- openUrl -->
        <test-method signature="clickonMyAccount()[pri:1, instance:com.automationcode_ExtentReport_16thApril_2023.TNLoginTEST@f78a47e]" started-at="2023-04-22T11:41:58 EDT" name="clickonMyAccount" finished-at="2023-04-22T11:41:58 EDT" duration-ms="67" status="PASS">
          <reporter-output>
          </reporter-output>
        </test-method> <!-- clickonMyAccount -->
        <test-method is-config="true" signature="tearDown()[pri:0, instance:com.automationcode_ExtentReport_16thApril_2023.TNLoginTEST@f78a47e]" started-at="2023-04-22T11:41:58 EDT" name="tearDown" finished-at="2023-04-22T11:41:58 EDT" duration-ms="144" status="PASS">
          <reporter-output>
          </reporter-output>
        </test-method> <!-- tearDown -->
        <test-method is-config="true" signature="openUrl()[pri:0, instance:com.automationcode_ExtentReport_16thApril_2023.TNLoginTEST@f78a47e]" started-at="2023-04-22T11:41:58 EDT" name="openUrl" finished-at="2023-04-22T11:42:05 EDT" duration-ms="6224" status="PASS">
          <reporter-output>
          </reporter-output>
        </test-method> <!-- openUrl -->
        <test-method signature="clickonLogin()[pri:2, instance:com.automationcode_ExtentReport_16thApril_2023.TNLoginTEST@f78a47e]" started-at="2023-04-22T11:42:05 EDT" name="clickonLogin" finished-at="2023-04-22T11:42:05 EDT" duration-ms="449" status="PASS">
          <reporter-output>
          </reporter-output>
        </test-method> <!-- clickonLogin -->
        <test-method is-config="true" signature="tearDown()[pri:0, instance:com.automationcode_ExtentReport_16thApril_2023.TNLoginTEST@f78a47e]" started-at="2023-04-22T11:42:05 EDT" name="tearDown" finished-at="2023-04-22T11:42:05 EDT" duration-ms="118" status="PASS">
          <reporter-output>
          </reporter-output>
        </test-method> <!-- tearDown -->
        <test-method is-config="true" signature="openUrl()[pri:0, instance:com.automationcode_ExtentReport_16thApril_2023.TNLoginTEST@f78a47e]" started-at="2023-04-22T11:42:05 EDT" name="openUrl" finished-at="2023-04-22T11:42:11 EDT" duration-ms="5382" status="PASS">
          <reporter-output>
          </reporter-output>
        </test-method> <!-- openUrl -->
        <test-method signature="enterLoginCredentials()[pri:3, instance:com.automationcode_ExtentReport_16thApril_2023.TNLoginTEST@f78a47e]" started-at="2023-04-22T11:42:11 EDT" name="enterLoginCredentials" finished-at="2023-04-22T11:42:11 EDT" duration-ms="618" status="FAIL">
          <exception class="java.lang.AssertionError">
            <message>
              <![CDATA[null]]>
            </message>
            <full-stacktrace>
              <![CDATA[java.lang.AssertionError: null
at org.testng.Assert.fail(Assert.java:99)
at org.testng.Assert.fail(Assert.java:106)
at com.automationcode_ExtentReport_16thApril_2023.TNLoginTEST.enterLoginCredentials(TNLoginTEST.java:43)
at java.base/jdk.internal.reflect.NativeMethodAccessorImpl.invoke0(Native Method)
at java.base/jdk.internal.reflect.NativeMethodAccessorImpl.invoke(NativeMethodAccessorImpl.java:77)
at java.base/jdk.internal.reflect.DelegatingMethodAccessorImpl.invoke(DelegatingMethodAccessorImpl.java:43)
at java.base/java.lang.reflect.Method.invoke(Method.java:568)
at org.testng.internal.MethodInvocationHelper.invokeMethod(MethodInvocationHelper.java:133)
at org.testng.internal.TestInvoker.invokeMethod(TestInvoker.java:598)
at org.testng.internal.TestInvoker.invokeTestMethod(TestInvoker.java:173)
at org.testng.internal.MethodRunner.runInSequence(MethodRunner.java:46)
at org.testng.internal.TestInvoker$MethodInvocationAgent.invoke(TestInvoker.java:824)
at org.testng.internal.TestInvoker.invokeTestMethods(TestInvoker.java:146)
at org.testng.internal.TestMethodWorker.invokeTestMethods(TestMethodWorker.java:146)
at org.testng.internal.TestMethodWorker.run(TestMethodWorker.java:128)
at java.base/java.util.ArrayList.forEach(ArrayList.java:1511)
at org.testng.TestRunner.privateRun(TestRunner.java:794)
at org.testng.TestRunner.run(TestRunner.java:596)
at org.testng.SuiteRunner.runTest(SuiteRunner.java:377)
at org.testng.SuiteRunner.runSequentially(SuiteRunner.java:371)
at org.testng.SuiteRunner.privateRun(SuiteRunner.java:332)
at org.testng.SuiteRunner.run(SuiteRunner.java:276)
at org.testng.SuiteRunnerWorker.runSuite(SuiteRunnerWorker.java:53)
at org.testng.SuiteRunnerWorker.run(SuiteRunnerWorker.java:96)
at org.testng.TestNG.runSuitesSequentially(TestNG.java:1212)
at org.testng.TestNG.runSuitesLocally(TestNG.java:1134)
at org.testng.TestNG.runSuites(TestNG.java:1063)
at org.testng.TestNG.run(TestNG.java:1031)
at org.testng.remote.AbstractRemoteTestNG.run(AbstractRemoteTestNG.java:115)
at org.testng.remote.RemoteTestNG.initAndRun(RemoteTestNG.java:251)
at org.testng.remote.RemoteTestNG.main(RemoteTestNG.java:77)
]]>
            </full-stacktrace>
          </exception> <!-- java.lang.AssertionError -->
          <reporter-output>
          </reporter-output>
        </test-method> <!-- enterLoginCredentials -->
        <test-method is-config="true" signature="tearDown()[pri:0, instance:com.automationcode_ExtentReport_16thApril_2023.TNLoginTEST@f78a47e]" started-at="2023-04-22T11:42:11 EDT" name="tearDown" finished-at="2023-04-22T11:42:12 EDT" duration-ms="126" status="PASS">
          <reporter-output>
          </reporter-output>
        </test-method> <!-- tearDown -->
        <test-method signature="clickOnLoginButton()[pri:4, instance:com.automationcode_ExtentReport_16thApril_2023.TNLoginTEST@f78a47e]" started-at="2023-04-22T11:42:12 EDT" name="clickOnLoginButton" finished-at="2023-04-22T11:42:12 EDT" depends-on-methods="com.automationcode_ExtentReport_16thApril_2023.TNLoginTEST.enterLoginCredentials" duration-ms="0" status="SKIP">
          <exception class="java.lang.Throwable">
            <message>
              <![CDATA[Method TNLoginTEST.clickOnLoginButton()[pri:4, instance:com.automationcode_ExtentReport_16thApril_2023.TNLoginTEST@f78a47e] depends on not successfully finished methods]]>
            </message>
            <full-stacktrace>
              <![CDATA[java.lang.Throwable: Method TNLoginTEST.clickOnLoginButton()[pri:4, instance:com.automationcode_ExtentReport_16thApril_2023.TNLoginTEST@f78a47e] depends on not successfully finished methods
at org.testng.internal.TestInvoker.invokeTestMethods(TestInvoker.java:102)
at org.testng.internal.TestMethodWorker.invokeTestMethods(TestMethodWorker.java:146)
at org.testng.internal.TestMethodWorker.run(TestMethodWorker.java:128)
at java.base/java.util.ArrayList.forEach(ArrayList.java:1511)
at org.testng.TestRunner.privateRun(TestRunner.java:794)
at org.testng.TestRunner.run(TestRunner.java:596)
at org.testng.SuiteRunner.runTest(SuiteRunner.java:377)
at org.testng.SuiteRunner.runSequentially(SuiteRunner.java:371)
at org.testng.SuiteRunner.privateRun(SuiteRunner.java:332)
at org.testng.SuiteRunner.run(SuiteRunner.java:276)
at org.testng.SuiteRunnerWorker.runSuite(SuiteRunnerWorker.java:53)
at org.testng.SuiteRunnerWorker.run(SuiteRunnerWorker.java:96)
at org.testng.TestNG.runSuitesSequentially(TestNG.java:1212)
at org.testng.TestNG.runSuitesLocally(TestNG.java:1134)
at org.testng.TestNG.runSuites(TestNG.java:1063)
at org.testng.TestNG.run(TestNG.java:1031)
at org.testng.remote.AbstractRemoteTestNG.run(AbstractRemoteTestNG.java:115)
at org.testng.remote.RemoteTestNG.initAndRun(RemoteTestNG.java:251)
at org.testng.remote.RemoteTestNG.main(RemoteTestNG.java:77)
]]>
            </full-stacktrace>
          </exception> <!-- java.lang.Throwable -->
          <reporter-output>
          </reporter-output>
        </test-method> <!-- clickOnLoginButton -->
      </class> <!-- com.automationcode_ExtentReport_16thApril_2023.TNLoginTEST -->
    </test> <!-- Test -->
  </suite> <!-- Suite -->
</testng-results>
